<?xml version="1.0" encoding="UTF-8"?>
<!-- Generated by org.testng.reporters.JUnitReportReporter -->
<testsuite skipped="0" hostname="DESKTOP-AMOHKHO" name="Links.FindBrokenImages" tests="1" failures="0" timestamp="24 May 2017 09:49:04 GMT" time="12.053" errors="0">
  <testcase name="validateInvalidImages" time="12.053" classname="Links.FindBrokenImages"/>
</testsuite> <!-- Links.FindBrokenImages -->
