<?xml version="1.0" encoding="UTF-8"?>
<!-- Generated by org.testng.reporters.JUnitReportReporter -->
<testsuite skipped="0" hostname="DESKTOP-AMOHKHO" name="Testcase.FirstTest" tests="1" failures="0" timestamp="18 Feb 2017 16:21:01 GMT" time="5.516" errors="0">
  <testcase name="test1" time="5.516" classname="Testcase.FirstTest"/>
</testsuite> <!-- Testcase.FirstTest -->
