<?xml version="1.0" encoding="UTF-8"?>
<!-- Generated by org.testng.reporters.JUnitReportReporter -->
<testsuite skipped="0" hostname="DESKTOP-AMOHKHO" name="Pageloadtime.MaxPagesTimeLoad" tests="4" failures="0" timestamp="24 Apr 2017 05:39:31 GMT" time="41.133" errors="0">
  <testcase name="openurl" time="33.300" classname="Pageloadtime.MaxPagesTimeLoad"/>
  <testcase name="Homepage" time="1.554" classname="Pageloadtime.MaxPagesTimeLoad"/>
  <testcase name="PDPPageLoadTime" time="3.741" classname="Pageloadtime.MaxPagesTimeLoad"/>
  <testcase name="PLPPageLoadTime" time="2.538" classname="Pageloadtime.MaxPagesTimeLoad"/>
</testsuite> <!-- Pageloadtime.MaxPagesTimeLoad -->
