<?xml version="1.0" encoding="UTF-8"?>
<!-- Generated by org.testng.reporters.JUnitReportReporter -->
<testsuite skipped="0" hostname="DESKTOP-AMOHKHO" name="com.Puma_Steps.Base" tests="1" failures="0" timestamp="8 Mar 2017 04:50:51 GMT" time="0.010" errors="0">
  <testcase name="testconfig" time="0.010" classname="com.Puma_Steps.Base"/>
</testsuite> <!-- com.Puma_Steps.Base -->
