<?xml version="1.0" encoding="UTF-8"?>
<!-- Generated by org.testng.reporters.JUnitReportReporter -->
<testsuite skipped="0" hostname="DESKTOP-AMOHKHO" name="Links.FindBrokenLinksExample" tests="1" failures="0" timestamp="7 Mar 2017 09:14:11 GMT" time="7.720" errors="0">
  <testcase name="validateInvalidLinks" time="7.720" classname="Links.FindBrokenLinksExample"/>
</testsuite> <!-- Links.FindBrokenLinksExample -->
