<?xml version="1.0" encoding="UTF-8"?>
<!-- Generated by org.testng.reporters.JUnitReportReporter -->
<testsuite skipped="0" hostname="DESKTOP-AMOHKHO" name="maxpages.TestData" tests="1" failures="0" timestamp="15 Apr 2017 04:43:12 GMT" time="9.801" errors="0">
  <testcase name="h" time="9.801" classname="maxpages.TestData"/>
</testsuite> <!-- maxpages.TestData -->
